Array
(
    [0] => common
    [1] => group1
    [2] => group2
    [3] => group3
)
Array
(
    [0] => follow
    [1] => setting1
    [2] => setting2
    [3] => setting3
    [4] => setting4
    [5] => setting5
    [6] => setting6
)
Array
(
    [0] => doge
    [1] => key
    [2] => ops
)
Array
(
    [0] => wow
)
Array
(
    [0] => baz
    [1] => foo
    [2] => nest
)
Array
(
    [0] => common
    [1] => group1
    [2] => group2
    [3] => group3
)
Array
(
    [0] => follow
    [1] => setting1
    [2] => setting2
    [3] => setting3
    [4] => setting4
    [5] => setting5
    [6] => setting6
)
Array
(
    [0] => doge
    [1] => key
    [2] => ops
)
Array
(
    [0] => wow
)
Array
(
    [0] => baz
    [1] => foo
    [2] => nest
)
Array
(
    [0] => common
    [1] => group1
    [2] => group2
    [3] => group3
)
Array
(
    [0] => follow
    [1] => setting1
    [2] => setting2
    [3] => setting3
    [4] => setting4
    [5] => setting5
    [6] => setting6
)
Array
(
    [0] => doge
    [1] => key
    [2] => ops
)
Array
(
    [0] => wow
)
Array
(
    [0] => baz
    [1] => foo
    [2] => nest
)
Array
(
    [0] => common
    [1] => group1
    [2] => group2
    [3] => group3
)
Array
(
    [0] => follow
    [1] => setting1
    [2] => setting2
    [3] => setting3
    [4] => setting4
    [5] => setting5
    [6] => setting6
)
Array
(
    [0] => doge
    [1] => key
    [2] => ops
)
Array
(
    [0] => wow
)
Array
(
    [0] => baz
    [1] => foo
    [2] => nest
)
